INFO  -24 -log_utils - 2022-11-22 18:08:55  keycloak login suceesfully  
INFO  -40 -log_utils - 2022-11-22 18:08:59  OTP login suceesfully  
INFO  -83 -log_utils - 2022-11-22 18:09:00  Start to use the predicting system.        
INFO  -24 -log_utils - 2022-11-22 18:11:39  keycloak login suceesfully  
INFO  -40 -log_utils - 2022-11-22 18:11:44  OTP login suceesfully  
INFO  -83 -log_utils - 2022-11-22 18:11:46  Start to use the predicting system.        
INFO  -24 -log_utils - 2022-11-22 18:13:23  keycloak login suceesfully  
INFO  -40 -log_utils - 2022-11-22 18:13:28  OTP login suceesfully  
INFO  -83 -log_utils - 2022-11-22 18:13:29  Start to use the predicting system.        
INFO  -24 -log_utils - 2022-11-22 18:13:59  keycloak login suceesfully  
INFO  -40 -log_utils - 2022-11-22 18:14:04  OTP login suceesfully  
INFO  -83 -log_utils - 2022-11-22 18:14:05  Start to use the predicting system.        
INFO  -24 -log_utils - 2022-11-22 18:14:30  keycloak login suceesfully  
INFO  -40 -log_utils - 2022-11-22 18:14:34  OTP login suceesfully  
INFO  -83 -log_utils - 2022-11-22 18:14:36  Start to use the predicting system.        
INFO  -24 -log_utils - 2022-11-22 18:15:07  keycloak login suceesfully  
INFO  -40 -log_utils - 2022-11-22 18:15:12  OTP login suceesfully  
INFO  -83 -log_utils - 2022-11-22 18:15:13  Start to use the predicting system.        
INFO  -24 -log_utils - 2022-11-22 18:16:43  keycloak login suceesfully  
INFO  -40 -log_utils - 2022-11-22 18:16:48  OTP login suceesfully  
INFO  -83 -log_utils - 2022-11-22 18:16:49  Start to use the predicting system.        
INFO  -24 -log_utils - 2022-11-22 18:17:11  keycloak login suceesfully  
INFO  -24 -log_utils - 2022-11-22 18:17:21  keycloak login suceesfully  
INFO  -40 -log_utils - 2022-11-22 18:17:26  OTP login suceesfully  
INFO  -83 -log_utils - 2022-11-22 18:17:27  Start to use the predicting system.        
INFO  -24 -log_utils - 2022-11-22 18:17:32  keycloak login suceesfully  
INFO  -24 -log_utils - 2022-11-22 18:18:43  keycloak login suceesfully  
INFO  -40 -log_utils - 2022-11-22 18:18:47  OTP login suceesfully  
INFO  -83 -log_utils - 2022-11-22 18:18:48  Start to use the predicting system.        
WARNING  -32 -log_utils - 2022-11-22 18:19:14  keycloak login fail        
WARNING  -32 -log_utils - 2022-11-22 18:19:16  keycloak login fail        
INFO  -24 -log_utils - 2022-11-22 18:19:21  keycloak login suceesfully  
INFO  -40 -log_utils - 2022-11-22 18:19:31  OTP login suceesfully  
INFO  -83 -log_utils - 2022-11-22 18:19:33  Start to use the predicting system.        
INFO  -24 -log_utils - 2022-11-22 18:19:37  keycloak login suceesfully  
INFO  -24 -log_utils - 2022-11-22 19:06:35  keycloak login suceesfully  
INFO  -40 -log_utils - 2022-11-22 19:06:41  OTP login suceesfully  
INFO  -83 -log_utils - 2022-11-22 19:06:44  Start to use the client's training system.        
INFO  -24 -log_utils - 2022-11-23 21:00:45  keycloak login suceesfully  
INFO  -40 -log_utils - 2022-11-23 21:00:50  OTP login suceesfully  
INFO  -83 -log_utils - 2022-11-23 21:00:51  Start to use the client's training system.        
INFO  -24 -log_utils - 2022-11-23 21:10:38  keycloak login suceesfully  
INFO  -40 -log_utils - 2022-11-23 21:10:43  OTP login suceesfully  
INFO  -83 -log_utils - 2022-11-23 21:10:45  Start to use the client's training system.        
INFO  -24 -log_utils - 2022-11-23 21:36:52  keycloak login suceesfully  
INFO  -40 -log_utils - 2022-11-23 21:37:02  OTP login suceesfully  
INFO  -83 -log_utils - 2022-11-23 21:37:04  Start to use the client's training system.        
INFO  -24 -log_utils - 2022-11-23 21:39:29  keycloak login suceesfully  
INFO  -40 -log_utils - 2022-11-23 21:39:33  OTP login suceesfully  
INFO  -83 -log_utils - 2022-11-23 21:39:35  Start to use the client's training system.        
INFO  -24 -log_utils - 2022-11-23 21:40:10  keycloak login suceesfully  
INFO  -40 -log_utils - 2022-11-23 21:40:14  OTP login suceesfully  
INFO  -24 -log_utils - 2022-11-23 21:40:42  keycloak login suceesfully  
INFO  -40 -log_utils - 2022-11-23 21:40:47  OTP login suceesfully  
INFO  -83 -log_utils - 2022-11-23 21:40:49  Start to use the client's training system.        
INFO  -24 -log_utils - 2022-11-23 21:57:57  keycloak login suceesfully  
INFO  -40 -log_utils - 2022-11-23 21:58:02  OTP login suceesfully  
INFO  -83 -log_utils - 2022-11-23 21:58:03  Start to use the client's training system.        
INFO  -24 -log_utils - 2022-11-23 22:01:16  keycloak login suceesfully  
INFO  -40 -log_utils - 2022-11-23 22:01:21  OTP login suceesfully  
INFO  -83 -log_utils - 2022-11-23 22:01:25  Start to use the client's training system.        
INFO  -24 -log_utils - 2022-11-23 22:04:10  keycloak login suceesfully  
INFO  -40 -log_utils - 2022-11-23 22:04:15  OTP login suceesfully  
INFO  -83 -log_utils - 2022-11-23 22:04:16  Start to use the client's training system.        
INFO  -24 -log_utils - 2022-11-23 22:07:15  keycloak login suceesfully  
INFO  -40 -log_utils - 2022-11-23 22:07:20  OTP login suceesfully  
INFO  -83 -log_utils - 2022-11-23 22:07:23  Start to use the client's training system.        
INFO  -24 -log_utils - 2022-11-23 22:08:11  keycloak login suceesfully  
INFO  -40 -log_utils - 2022-11-23 22:08:16  OTP login suceesfully  
INFO  -83 -log_utils - 2022-11-23 22:08:17  Start to use the client's training system.        
WARNING  -32 -log_utils - 2022-11-23 22:08:29  keycloak login fail        
INFO  -24 -log_utils - 2022-11-23 22:08:34  keycloak login suceesfully  
INFO  -40 -log_utils - 2022-11-23 22:08:39  OTP login suceesfully  
INFO  -83 -log_utils - 2022-11-23 22:08:40  Start to use the client's training system.        
WARNING  -32 -log_utils - 2022-11-23 22:11:02  keycloak login fail        
INFO  -24 -log_utils - 2022-11-23 22:11:05  keycloak login suceesfully  
INFO  -40 -log_utils - 2022-11-23 22:11:10  OTP login suceesfully  
INFO  -83 -log_utils - 2022-11-23 22:11:11  Start to use the client's training system.        
INFO  -24 -log_utils - 2022-11-23 22:11:25  keycloak login suceesfully  
INFO  -40 -log_utils - 2022-11-23 22:11:29  OTP login suceesfully  
INFO  -83 -log_utils - 2022-11-23 22:11:31  Start to use the client's training system.        
INFO  -24 -log_utils - 2022-11-23 22:12:06  keycloak login suceesfully  
INFO  -40 -log_utils - 2022-11-23 22:12:11  OTP login suceesfully  
INFO  -83 -log_utils - 2022-11-23 22:12:12  Start to use the client's training system.        
INFO  -24 -log_utils - 2022-11-23 22:13:12  keycloak login suceesfully  
INFO  -40 -log_utils - 2022-11-23 22:13:18  OTP login suceesfully  
INFO  -83 -log_utils - 2022-11-23 22:13:19  Start to use the client's training system.        
INFO  -24 -log_utils - 2022-11-23 22:13:30  keycloak login suceesfully  
INFO  -40 -log_utils - 2022-11-23 22:13:35  OTP login suceesfully  
INFO  -83 -log_utils - 2022-11-23 22:13:37  Start to use the client's training system.        
WARNING  -32 -log_utils - 2022-11-24 21:08:35  keycloak login fail        
WARNING  -32 -log_utils - 2022-11-24 21:08:37  keycloak login fail        
WARNING  -32 -log_utils - 2022-11-24 21:08:39  keycloak login fail        
CRITICAL  -98 -log_utils - 2022-11-24 21:08:41  Keycloak: Three consecutive failures to log in to the system(Error).     
INFO  -24 -log_utils - 2022-11-24 21:08:51  keycloak login suceesfully  
INFO  -40 -log_utils - 2022-11-24 21:08:56  OTP login suceesfully  
INFO  -83 -log_utils - 2022-11-24 21:08:57  Start to use the client's training system.        
INFO  -24 -log_utils - 2022-11-24 21:09:24  keycloak login suceesfully  
INFO  -40 -log_utils - 2022-11-24 21:09:30  OTP login suceesfully  
INFO  -83 -log_utils - 2022-11-24 21:09:31  Start to use the client's training system.        
INFO  -24 -log_utils - 2022-12-02 14:09:56  keycloak login suceesfully  
WARNING  -48 -log_utils - 2022-12-02 14:10:02  OTP login fail       
INFO  -40 -log_utils - 2022-12-02 14:10:08  OTP login suceesfully  
INFO  -83 -log_utils - 2022-12-02 14:10:09  Start to use the client's training system.        
INFO  -24 -log_utils - 2022-12-02 14:12:01  keycloak login suceesfully  
INFO  -40 -log_utils - 2022-12-02 14:12:06  OTP login suceesfully  
INFO  -83 -log_utils - 2022-12-02 14:12:08  Start to use the client's training system.        
INFO  -24 -log_utils - 2022-12-02 14:12:45  keycloak login suceesfully  
INFO  -40 -log_utils - 2022-12-02 14:12:50  OTP login suceesfully  
INFO  -83 -log_utils - 2022-12-02 14:12:52  Start to use the client's training system.        
INFO  -24 -log_utils - 2022-12-02 14:14:06  keycloak login suceesfully  
INFO  -40 -log_utils - 2022-12-02 14:14:12  OTP login suceesfully  
INFO  -83 -log_utils - 2022-12-02 14:14:13  Start to use the client's training system.        
INFO  -24 -log_utils - 2022-12-02 14:25:34  keycloak login suceesfully  
INFO  -40 -log_utils - 2022-12-02 14:25:40  OTP login suceesfully  
INFO  -83 -log_utils - 2022-12-02 14:25:42  Start to use the client's training system.        
WARNING  -32 -log_utils - 2022-12-02 14:28:48  keycloak login fail        
INFO  -24 -log_utils - 2022-12-02 14:28:51  keycloak login suceesfully  
INFO  -40 -log_utils - 2022-12-02 14:28:56  OTP login suceesfully  
INFO  -83 -log_utils - 2022-12-02 14:28:57  Start to use the client's training system.        
INFO  -24 -log_utils - 2022-12-02 14:32:42  keycloak login suceesfully  
INFO  -40 -log_utils - 2022-12-02 14:32:50  OTP login suceesfully  
INFO  -83 -log_utils - 2022-12-02 14:32:51  Start to use the client's training system.        
INFO  -24 -log_utils - 2022-12-02 14:33:40  keycloak login suceesfully  
INFO  -40 -log_utils - 2022-12-02 14:33:46  OTP login suceesfully  
INFO  -83 -log_utils - 2022-12-02 14:33:47  Start to use the client's training system.        
INFO  -24 -log_utils - 2022-12-02 14:35:13  keycloak login suceesfully  
INFO  -40 -log_utils - 2022-12-02 14:35:19  OTP login suceesfully  
INFO  -83 -log_utils - 2022-12-02 14:35:20  Start to use the client's training system.        
